<?xml version="1.0" encoding="UTF-8"?>
<robot generator="Robot 6.1 (Python 3.14.2 on darwin)" generated="20260227 16:08:07.134" rpa="false" schemaversion="4">
<suite id="s1" name="Ep3" source="/Users/miwdoppio/Documents/GitHub/testapi101/ep3.robot">
<test id="s1-t1" name="TC-001A [Login API] Verify when input wrong username or password, API should return error" line="7">
<kw name="Create Session" library="RequestsLibrary">
<arg>loginSession</arg>
<arg>http://localhost:8082</arg>
<doc>Create Session: create a HTTP session to a server</doc>
<msg timestamp="20260227 16:08:08.461" level="INFO">Creating Session using : alias=loginSession, url=http://localhost:8082, headers={},                     cookies={}, auth=None, timeout=None, proxies=None, verify=False,                     debug=0 </msg>
<status status="PASS" starttime="20260227 16:08:08.461" endtime="20260227 16:08:08.461"/>
</kw>
<kw name="Create Dictionary" library="BuiltIn">
<var>${request_body}</var>
<arg>username=doppio222</arg>
<arg>password=12345</arg>
<doc>Creates and returns a dictionary based on the given ``items``.</doc>
<msg timestamp="20260227 16:08:08.462" level="INFO">${request_body} = {'username': 'doppio222', 'password': '12345'}</msg>
<status status="PASS" starttime="20260227 16:08:08.461" endtime="20260227 16:08:08.462"/>
</kw>
<kw name="POST On Session" library="RequestsLibrary">
<var>${resp}</var>
<arg>loginSession</arg>
<arg>/login</arg>
<arg>json=${request_body}</arg>
<arg>expected_status=401</arg>
<doc>Sends a POST request on a previously created HTTP Session.</doc>
<msg timestamp="20260227 16:08:08.645" level="INFO">POST Request : url=http://localhost:8082/login 
 path_url=/login 
 headers={'User-Agent': 'python-requests/2.31.0', 'Accept-Encoding': 'gzip, deflate, zstd', 'Accept': '*/*', 'Connection': 'keep-alive', 'Content-Length': '46', 'Content-Type': 'application/json'} 
 body=b'{"username": "doppio222", "password": "12345"}' 
 </msg>
<msg timestamp="20260227 16:08:08.645" level="INFO">POST Response : url=http://localhost:8082/login 
 status=401, reason= 
 headers={'Content-Type': 'application/json', 'Transfer-Encoding': 'chunked', 'Date': 'Fri, 27 Feb 2026 09:08:08 GMT', 'Keep-Alive': 'timeout=60', 'Connection': 'keep-alive'} 
 body={"status":"error","message":"invalid username or password"} 
 </msg>
<msg timestamp="20260227 16:08:08.645" level="INFO">${resp} = &lt;Response [401]&gt;</msg>
<status status="PASS" starttime="20260227 16:08:08.462" endtime="20260227 16:08:08.645"/>
</kw>
<kw name="Should Be Equal" library="BuiltIn">
<arg>${resp.json()['status']}</arg>
<arg>error</arg>
<doc>Fails if the given objects are unequal.</doc>
<status status="PASS" starttime="20260227 16:08:08.645" endtime="20260227 16:08:08.645"/>
</kw>
<kw name="Should Be Equal" library="BuiltIn">
<arg>${resp.json()['message']}</arg>
<arg>invalid username or password</arg>
<doc>Fails if the given objects are unequal.</doc>
<status status="PASS" starttime="20260227 16:08:08.645" endtime="20260227 16:08:08.646"/>
</kw>
<status status="PASS" starttime="20260227 16:08:08.460" endtime="20260227 16:08:08.646"/>
</test>
<test id="s1-t2" name="TC-001B [Login API] Verify when input correct username or password, API should return success" line="18">
<kw name="Create Session" library="RequestsLibrary">
<arg>loginSession</arg>
<arg>http://localhost:8082</arg>
<doc>Create Session: create a HTTP session to a server</doc>
<msg timestamp="20260227 16:08:08.646" level="INFO">Creating Session using : alias=loginSession, url=http://localhost:8082, headers={},                     cookies={}, auth=None, timeout=None, proxies=None, verify=False,                     debug=0 </msg>
<status status="PASS" starttime="20260227 16:08:08.646" endtime="20260227 16:08:08.646"/>
</kw>
<kw name="Create Dictionary" library="BuiltIn">
<var>${request_body}</var>
<arg>username=doppio</arg>
<arg>password=weBuildBestQa</arg>
<doc>Creates and returns a dictionary based on the given ``items``.</doc>
<msg timestamp="20260227 16:08:08.646" level="INFO">${request_body} = {'username': 'doppio', 'password': 'weBuildBestQa'}</msg>
<status status="PASS" starttime="20260227 16:08:08.646" endtime="20260227 16:08:08.646"/>
</kw>
<kw name="POST On Session" library="RequestsLibrary">
<var>${resp}</var>
<arg>loginSession</arg>
<arg>/login</arg>
<arg>json=${request_body}</arg>
<arg>expected_status=200</arg>
<doc>Sends a POST request on a previously created HTTP Session.</doc>
<msg timestamp="20260227 16:08:08.650" level="INFO">POST Request : url=http://localhost:8082/login 
 path_url=/login 
 headers={'User-Agent': 'python-requests/2.31.0', 'Accept-Encoding': 'gzip, deflate, zstd', 'Accept': '*/*', 'Connection': 'keep-alive', 'Content-Length': '51', 'Content-Type': 'application/json'} 
 body=b'{"username": "doppio", "password": "weBuildBestQa"}' 
 </msg>
<msg timestamp="20260227 16:08:08.650" level="INFO">POST Response : url=http://localhost:8082/login 
 status=200, reason= 
 headers={'Content-Type': 'application/json', 'Transfer-Encoding': 'chunked', 'Date': 'Fri, 27 Feb 2026 09:08:08 GMT', 'Keep-Alive': 'timeout=60', 'Connection': 'keep-alive'} 
 body={"status":"success","message":"W0qp_yfBiFLOU3P_ChyFFr-oIhgvnAOx"} 
 </msg>
<msg timestamp="20260227 16:08:08.650" level="INFO">${resp} = &lt;Response [200]&gt;</msg>
<status status="PASS" starttime="20260227 16:08:08.646" endtime="20260227 16:08:08.650"/>
</kw>
<kw name="Should Be Equal" library="BuiltIn">
<arg>${resp.json()['status']}</arg>
<arg>success</arg>
<doc>Fails if the given objects are unequal.</doc>
<status status="PASS" starttime="20260227 16:08:08.650" endtime="20260227 16:08:08.650"/>
</kw>
<kw name="Should Not Be Empty" library="BuiltIn">
<arg>${resp.json()['message']}</arg>
<doc>Verifies that the given item is not empty.</doc>
<msg timestamp="20260227 16:08:08.651" level="INFO">Length is 32</msg>
<status status="PASS" starttime="20260227 16:08:08.650" endtime="20260227 16:08:08.651"/>
</kw>
<status status="PASS" starttime="20260227 16:08:08.646" endtime="20260227 16:08:08.651"/>
</test>
<test id="s1-t3" name="TC-002 [Get Asset API] Verify That Can Get Asset List From Get API correctly" line="29">
<kw name="Create Session" library="RequestsLibrary">
<arg>assetSession</arg>
<arg>http://localhost:8082</arg>
<doc>Create Session: create a HTTP session to a server</doc>
<msg timestamp="20260227 16:08:08.651" level="INFO">Creating Session using : alias=assetSession, url=http://localhost:8082, headers={},                     cookies={}, auth=None, timeout=None, proxies=None, verify=False,                     debug=0 </msg>
<status status="PASS" starttime="20260227 16:08:08.651" endtime="20260227 16:08:08.651"/>
</kw>
<kw name="Create Dictionary" library="BuiltIn">
<var>${request_body}</var>
<arg>username=doppio</arg>
<arg>password=weBuildBestQa</arg>
<doc>Creates and returns a dictionary based on the given ``items``.</doc>
<msg timestamp="20260227 16:08:08.651" level="INFO">${request_body} = {'username': 'doppio', 'password': 'weBuildBestQa'}</msg>
<status status="PASS" starttime="20260227 16:08:08.651" endtime="20260227 16:08:08.651"/>
</kw>
<kw name="POST On Session" library="RequestsLibrary">
<var>${resp}</var>
<arg>assetSession</arg>
<arg>/login</arg>
<arg>json=${request_body}</arg>
<arg>expected_status=200</arg>
<doc>Sends a POST request on a previously created HTTP Session.</doc>
<msg timestamp="20260227 16:08:08.654" level="INFO">POST Request : url=http://localhost:8082/login 
 path_url=/login 
 headers={'User-Agent': 'python-requests/2.31.0', 'Accept-Encoding': 'gzip, deflate, zstd', 'Accept': '*/*', 'Connection': 'keep-alive', 'Content-Length': '51', 'Content-Type': 'application/json'} 
 body=b'{"username": "doppio", "password": "weBuildBestQa"}' 
 </msg>
<msg timestamp="20260227 16:08:08.654" level="INFO">POST Response : url=http://localhost:8082/login 
 status=200, reason= 
 headers={'Content-Type': 'application/json', 'Transfer-Encoding': 'chunked', 'Date': 'Fri, 27 Feb 2026 09:08:08 GMT', 'Keep-Alive': 'timeout=60', 'Connection': 'keep-alive'} 
 body={"status":"success","message":"PfS1hq1a7rkH7PjXrqc_fuYtFUF5TKru"} 
 </msg>
<msg timestamp="20260227 16:08:08.654" level="INFO">${resp} = &lt;Response [200]&gt;</msg>
<status status="PASS" starttime="20260227 16:08:08.651" endtime="20260227 16:08:08.654"/>
</kw>
<kw name="Set Variable" library="BuiltIn">
<var>${token}</var>
<arg>${resp.json()['message']}</arg>
<doc>Returns the given values which can then be assigned to a variables.</doc>
<msg timestamp="20260227 16:08:08.655" level="INFO">${token} = PfS1hq1a7rkH7PjXrqc_fuYtFUF5TKru</msg>
<status status="PASS" starttime="20260227 16:08:08.654" endtime="20260227 16:08:08.655"/>
</kw>
<kw name="Create Dictionary" library="BuiltIn">
<var>${request_header}</var>
<arg>token=${token}</arg>
<doc>Creates and returns a dictionary based on the given ``items``.</doc>
<msg timestamp="20260227 16:08:08.655" level="INFO">${request_header} = {'token': 'PfS1hq1a7rkH7PjXrqc_fuYtFUF5TKru'}</msg>
<status status="PASS" starttime="20260227 16:08:08.655" endtime="20260227 16:08:08.655"/>
</kw>
<kw name="GET On Session" library="RequestsLibrary">
<var>${get_resp}</var>
<arg>assetSession</arg>
<arg>/assets</arg>
<arg>headers=${request_header}</arg>
<doc>Sends a GET request on a previously created HTTP Session.</doc>
<msg timestamp="20260227 16:08:08.667" level="INFO">GET Request : url=http://localhost:8082/assets 
 path_url=/assets 
 headers={'User-Agent': 'python-requests/2.31.0', 'Accept-Encoding': 'gzip, deflate, zstd', 'Accept': '*/*', 'Connection': 'keep-alive', 'token': 'PfS1hq1a7rkH7PjXrqc_fuYtFUF5TKru'} 
 body=None 
 </msg>
<msg timestamp="20260227 16:08:08.667" level="INFO">GET Response : url=http://localhost:8082/assets 
 status=200, reason= 
 headers={'Content-Type': 'application/json', 'Transfer-Encoding': 'chunked', 'Date': 'Fri, 27 Feb 2026 09:08:08 GMT', 'Keep-Alive': 'timeout=60', 'Connection': 'keep-alive'} 
 body=[{"assetId":"a001","assetName":"Macbook Pro","assetType":1,"inUse":true},{"assetId":"a002","assetName":"Lenovo B112","assetType":2,"inUse":true},{"assetId":"a003","assetName":"Apple Iphone 11","assetType":3,"inUse":true},{"assetId":"a004","assetName":"Macbook Air","assetType":1,"inUse":true},{"assetId":"a005","assetName":"Xiaomi Mi6","assetType":4,"inUse":true}] 
 </msg>
<msg timestamp="20260227 16:08:08.667" level="INFO">${get_resp} = &lt;Response [200]&gt;</msg>
<status status="PASS" starttime="20260227 16:08:08.655" endtime="20260227 16:08:08.667"/>
</kw>
<kw name="Get Length" library="BuiltIn">
<var>${count}</var>
<arg>${get_resp.json()}</arg>
<doc>Returns and logs the length of the given item as an integer.</doc>
<msg timestamp="20260227 16:08:08.667" level="INFO">Length is 5</msg>
<msg timestamp="20260227 16:08:08.667" level="INFO">${count} = 5</msg>
<status status="PASS" starttime="20260227 16:08:08.667" endtime="20260227 16:08:08.667"/>
</kw>
<kw name="Evaluate" library="BuiltIn">
<var>${morethanone}</var>
<arg>${count}&gt;0</arg>
<doc>Evaluates the given expression in Python and returns the result.</doc>
<msg timestamp="20260227 16:08:08.667" level="INFO">${morethanone} = True</msg>
<status status="PASS" starttime="20260227 16:08:08.667" endtime="20260227 16:08:08.667"/>
</kw>
<kw name="Should Be True" library="BuiltIn">
<arg>${morethanone}</arg>
<doc>Fails if the given condition is not true.</doc>
<status status="PASS" starttime="20260227 16:08:08.668" endtime="20260227 16:08:08.668"/>
</kw>
<status status="PASS" starttime="20260227 16:08:08.651" endtime="20260227 16:08:08.668"/>
</test>
<status status="PASS" starttime="20260227 16:08:07.136" endtime="20260227 16:08:08.668"/>
</suite>
<statistics>
<total>
<stat pass="3" fail="0" skip="0">All Tests</stat>
</total>
<tag>
</tag>
<suite>
<stat pass="3" fail="0" skip="0" id="s1" name="Ep3">Ep3</stat>
</suite>
</statistics>
<errors>
</errors>
</robot>
